------------------------------------------------------------------------
r121 | xubinrun | 2015-06-08 15:06:29 -0400 (Mon, 08 Jun 2015) | 1 line

A small bug is fixed in the new code added.
------------------------------------------------------------------------
r120 | xubinrun | 2015-06-08 14:21:55 -0400 (Mon, 08 Jun 2015) | 1 line

Deform gradient is used for initial kick direction.
------------------------------------------------------------------------
r119 | xubinrun | 2015-05-27 16:07:48 -0400 (Wed, 27 May 2015) | 1 line

Small bug for last updates.
------------------------------------------------------------------------
r118 | xubinrun | 2015-05-27 15:02:27 -0400 (Wed, 27 May 2015) | 1 line

Now, total force information is output for minimization. And thermo command is supported in minimization process.
------------------------------------------------------------------------
r117 | xubinrun | 2015-05-13 19:54:38 -0400 (Wed, 13 May 2015) | 1 line

Delete push_over must be greater than 0 condition
------------------------------------------------------------------------
r116 | xubinrun | 2015-05-13 12:00:00 -0400 (Wed, 13 May 2015) | 1 line

Little bug fixed, dr for push back not right (a little small) before
------------------------------------------------------------------------
r115 | xubinrun | 2015-05-03 17:13:37 -0400 (Sun, 03 May 2015) | 1 line

Now negative value of disp_max_tol means the tolerance for atom displacement.
------------------------------------------------------------------------
r114 | xubinrun | 2015-04-30 10:14:33 -0400 (Thu, 30 Apr 2015) | 1 line

revert to version 112, I think the parameter min_lancz_iteration is not necessary.
------------------------------------------------------------------------
r113 | xubinrun | 2015-04-29 16:24:14 -0400 (Wed, 29 Apr 2015) | 1 line

Add a parameter: min_lancz_iteration
------------------------------------------------------------------------
r112 | xubinrun | 2015-04-27 11:03:13 -0400 (Mon, 27 Apr 2015) | 1 line

A parameter dump_random_direction_factor is added to add randomness to the dump_direction.
------------------------------------------------------------------------
r111 | xubinrun | 2015-04-24 16:48:22 -0400 (Fri, 24 Apr 2015) | 1 line

Now search direction can be read through a dump file.
------------------------------------------------------------------------
r110 | xubinrun | 2015-04-14 15:03:27 -0400 (Tue, 14 Apr 2015) | 1 line

Add features to output pressure of saddle point and dump the search process.
------------------------------------------------------------------------
r109 | xubinrun | 2015-03-04 10:03:27 -0500 (Wed, 04 Mar 2015) | 1 line

min_fire, array index out of range fixed.
------------------------------------------------------------------------
r108 | xubinrun | 2014-12-15 17:42:16 -0500 (Mon, 15 Dec 2014) | 1 line

More sadlle displacement info is added to output
------------------------------------------------------------------------
r107 | xubinrun | 2014-10-30 16:22:17 -0400 (Thu, 30 Oct 2014) | 1 line

events_per_atom is added to tell ARTn to find assigned number of events of one central atom after another.
------------------------------------------------------------------------
r106 | xubinrun | 2014-10-21 17:55:59 -0400 (Tue, 21 Oct 2014) | 1 line

An important bug fixed for FIRE. I once considered atom moving too far away may cause the crash in FIRE. I am wrong. And vvec cause the crash. Now vvec is not defined globally in MinARTn class. It is dangerous to use a vector that not maintained by artn_reset_vector().
------------------------------------------------------------------------
r105 | xubinrun | 2014-10-20 22:16:38 -0400 (Mon, 20 Oct 2014) | 1 line

fflush(fp2) when a new event is found. Because it is often found that we get buffers of fp2 flushed when all ARTn finished.
------------------------------------------------------------------------
r104 | xubinrun | 2014-10-20 09:54:02 -0400 (Mon, 20 Oct 2014) | 1 line

A new version of find_saddle (in the process appoaching saddle point, make the force parallel to negative curvature opposite with a scale factor and use FIRE minimizer to find saddle point.) method is added. You can use flag_test to use it. fire_lanczos_every, para_factor, fire_output_every are to control this new method.
------------------------------------------------------------------------
r103 | xubinrun | 2014-10-16 10:04:27 -0400 (Thu, 16 Oct 2014) | 1 line

If push_over_saddle is a negative value, the push length will be |push_over_saddle|*distance_sad2min.
------------------------------------------------------------------------
r102 | xubinrun | 2014-10-13 18:02:07 -0400 (Mon, 13 Oct 2014) | 1 line

Add flag_push_over to choose whether to push over saddle point.
------------------------------------------------------------------------
r101 | xubinrun | 2014-10-13 16:21:59 -0400 (Mon, 13 Oct 2014) | 1 line

One important bug fixed: the new minimizer FIRE added did not limit the atom displacement per step. Now it is limited accoring to dmax.
------------------------------------------------------------------------
r100 | xubinrun | 2014-10-13 10:28:06 -0400 (Mon, 13 Oct 2014) | 1 line

Now negative energy barriers are rejected by check_sad2min().
------------------------------------------------------------------------
r99 | xubinrun | 2014-10-11 13:40:36 -0400 (Sat, 11 Oct 2014) | 1 line

Last log is added by wrong inputing.The real log: Change the meaning of conv_perp_inc & max_perp_moves_c. Now conv_perp_inc the basic steps of max steps to perpendicular minimizer. mx_perp_moves_c is the max steps limited for perpendicular minimizer. Both parameters work for approaching saddle stage.
------------------------------------------------------------------------
r98 | xubinrun | 2014-10-11 13:24:19 -0400 (Sat, 11 Oct 2014) | 48 lines

Change the meaning of conv_perp_inc, "Increment of max # of perpendicular steps when fpar > -1.0");
+    fprintf(fp1, "conv_perp_inc       %-18d  # %s\n", conv_perp_inc, "The basic steps of max # of perpendicular steps approaching the saddle");
     fprintf(fp1, "max_perp_moves_c    %-18d  # %s\n", max_perp_moves_c, "Maximum # of perpendicular steps approaching the saddle");
     fprintf(fp1, "force_th_perp_sad   %-18g  # %s\n", force_th_perp_sad, "Perpendicular force threshold approaching saddle point");
     fprintf(fp1, "\n# confirmation of new found saddle\n");
@@ -1012,7 +1012,7 @@
   double hdot, hdotall;

   // now try to move close to the saddle point according to the egvec.
-  int inc = 0;
+  int inc = conv_perp_inc;
   for (int it_s = 0; it_s < max_activat_iter; ++it_s){

     // g store old h
@@ -1028,11 +1028,11 @@

     // do minimizing perpendicular use SD or FIRE
     if (use_fire) {
-      m_perp = trial = min_perp_fire(it_s + max_perp_moves_c + inc);
+      m_perp = trial = min_perp_fire(MIN(max_perp_moves_c, it_s + inc));
     } else {
       m_perp = trial = nfail = 0;
       step = increment_size * 0.25;
-      int max_perp = max_perp_moves_c + it_s + inc;
+      int max_perp = MIN(max_perp_moves_c,it_s + inc);
       preenergy = ecurrent;
       while ( 1 ){
         fdoth = 0.;
@@ -1054,9 +1054,6 @@
         }
         ecurrent = energy_force(1); ++evalf;
         artn_reset_vec(); reset_coords();
-
-        // debug
-        if (fp1 && that == 5720) fprintf(fp1,"%8d %10.5f %10.5f %10.5f %3d %3d %5d\n", it_s, ecurrent, eref, ecurrent-eref,m_perp, trial, nlanc);

         if (ecurrent < preenergy){
           step *= 1.2;
@@ -1082,7 +1079,6 @@
     }
     MPI_Allreduce(tmp_me, tmp_all, 3, MPI_DOUBLE, MPI_SUM, world);
     ftotall = sqrt(tmp_all[0]); delr = sqrt(tmp_all[1]); fpar2all = tmp_all[2];
-    if (fpar2all > -1.) inc = conv_perp_inc;

     // output information
     fperp2 = 0.;
[bxu@head USER-ARTN]$ ./Install.sh 1;cd ..; make smse;cd -
make[1]: Entering directory `/home/bxu/Codes/1-LAMMPS/lammps-28Jun14/src/Obj_smse
------------------------------------------------------------------------
r97 | xubinrun | 2014-10-10 17:36:50 -0400 (Fri, 10 Oct 2014) | 1 line

FIRE minimization method is added, which may be used as the minimizer both in push forward and back. User can set min_fire as 1 to use it.
------------------------------------------------------------------------
r96 | xubinrun | 2014-10-10 14:51:04 -0400 (Fri, 10 Oct 2014) | 1 line

min_perp_fire() updated. Now atoms are not allowed to move more than dmax.
------------------------------------------------------------------------
r95 | xubinrun | 2014-09-30 10:57:11 -0400 (Tue, 30 Sep 2014) | 2 lines

1.Compaitible with two dimension.
2.The random_kick is changed. Now the atoms within a radius to the central atom (no need to be in the group) will be kicked.
------------------------------------------------------------------------
r94 | xubinrun@gmail.com | 2014-04-14 02:43:39 -0400 (Mon, 14 Apr 2014) | 1 line

reset_x00() is added after push down minimization.
------------------------------------------------------------------------
r93 | xubinrun@gmail.com | 2013-10-21 21:36:20 -0400 (Mon, 21 Oct 2013) | 1 line

Add dump_min_every & dump_sad_every to control the dump frequency.
------------------------------------------------------------------------
r92 | xubinrun@gmail.com | 2013-10-16 22:00:38 -0400 (Wed, 16 Oct 2013) | 1 line

A small bug about reading SD_steps was fixed.
------------------------------------------------------------------------
r91 | xubinrun@gmail.com | 2013-10-15 10:35:38 -0400 (Tue, 15 Oct 2013) | 2 lines

(1)SD minimization method is added, which is used before push down CG minimization. And its maxiter is controled by SD_steps. 
(2) Add the number of moved atoms at saddle point to the output of log.event.
------------------------------------------------------------------------
r90 | konglt | 2013-09-15 10:25:59 -0400 (Sun, 15 Sep 2013) | 1 line

use dmax from min instead of max_disp_step.
------------------------------------------------------------------------
r89 | konglt | 2013-09-15 05:06:38 -0400 (Sun, 15 Sep 2013) | 2 lines

Enabled to confine the maximum displacement per step; the
default value is set to be 0.5
------------------------------------------------------------------------
r88 | konglt | 2013-09-09 04:32:30 -0400 (Mon, 09 Sep 2013) | 1 line

Fix a bug: dr in log.event was dr*dr.
------------------------------------------------------------------------
r87 | konglt | 2013-09-05 02:31:31 -0400 (Thu, 05 Sep 2013) | 1 line

use force->inumeric instead of atoi.
------------------------------------------------------------------------
r86 | konglt | 2013-08-01 01:16:11 -0400 (Thu, 01 Aug 2013) | 1 line

Minor: left align of output parameters.
------------------------------------------------------------------------
r85 | konglt | 2013-07-28 21:31:45 -0400 (Sun, 28 Jul 2013) | 1 line

Reordered the print-info.
------------------------------------------------------------------------
r84 | konglt | 2013-07-28 03:34:37 -0400 (Sun, 28 Jul 2013) | 1 line

Minor: make use of ddum and all info-print is done by print_info now.
------------------------------------------------------------------------
r83 | konglt | 2013-07-27 22:00:33 -0400 (Sat, 27 Jul 2013) | 2 lines

Fix an important bug: in check_sad2min, forgot to reset xvec
if the saddle is rejected.
------------------------------------------------------------------------
r82 | konglt | 2013-07-27 04:01:32 -0400 (Sat, 27 Jul 2013) | 1 line

Enabled to use MKL instead of lapack.
------------------------------------------------------------------------
r81 | konglt | 2013-07-27 03:29:55 -0400 (Sat, 27 Jul 2013) | 1 line

fix a bug in outputing energy barrier.
------------------------------------------------------------------------
r80 | konglt | 2013-07-27 01:08:06 -0400 (Sat, 27 Jul 2013) | 1 line

Reset the push direction as the eigenvector at saddle.
------------------------------------------------------------------------
r79 | konglt | 2013-07-26 23:52:53 -0400 (Fri, 26 Jul 2013) | 2 lines

1, define the search vector at push-back and push-down as the
  vector pointing from saddle to min.
------------------------------------------------------------------------
r78 | konglt | 2013-07-26 10:40:27 -0400 (Fri, 26 Jul 2013) | 1 line

Minor: rename Ed as delE
------------------------------------------------------------------------
r77 | konglt | 2013-07-26 06:26:29 -0400 (Fri, 26 Jul 2013) | 2 lines

1, previous x00 and x0tmp synchronization is incomplete, now hopefully fixed;
2, fix an influencial bug: nlocal should be atom->nlocal, as it may change.
------------------------------------------------------------------------
r76 | konglt | 2013-07-26 01:44:10 -0400 (Fri, 26 Jul 2013) | 2 lines

If energy difference between mins is greater than
the energy barrier, reject the saddle as well.
------------------------------------------------------------------------
r75 | konglt | 2013-07-25 23:36:31 -0400 (Thu, 25 Jul 2013) | 1 line

enable to skip if sad2min is too small during converging to saddle.
------------------------------------------------------------------------
r74 | konglt | 2013-07-25 21:52:23 -0400 (Thu, 25 Jul 2013) | 1 line

fix a tiny bug: forgot a carriage in echoing the parameters.
------------------------------------------------------------------------
r73 | konglt | 2013-07-25 21:28:12 -0400 (Thu, 25 Jul 2013) | 3 lines

1, reformat log info;
2, no minimum_image check on distance measurement,
   as they should have the same image number.
------------------------------------------------------------------------
r72 | konglt | 2013-07-24 21:10:25 -0400 (Wed, 24 Jul 2013) | 3 lines

1, do not consider com when push-back or push-down;
2, also dump out component of displacements;
3, other minor on format.
------------------------------------------------------------------------
r71 | konglt | 2013-07-24 06:36:04 -0400 (Wed, 24 Jul 2013) | 1 line

Tiny: change write_header as print_info.
------------------------------------------------------------------------
r70 | konglt | 2013-07-24 04:58:46 -0400 (Wed, 24 Jul 2013) | 1 line

No essential change, mainly on format.
------------------------------------------------------------------------
r69 | xubinrun@gmail.com | 2013-07-23 22:09:54 -0400 (Tue, 23 Jul 2013) | 1 line

Test info is deleted
------------------------------------------------------------------------
r68 | konglt | 2013-07-23 11:21:46 -0400 (Tue, 23 Jul 2013) | 1 line

try to ensure x00 and x0 synchronized with xvec.
------------------------------------------------------------------------
r67 | konglt | 2013-07-23 10:45:13 -0400 (Tue, 23 Jul 2013) | 1 line

reject saddle if distance to original min is smaller than initial kick.
------------------------------------------------------------------------
r66 | konglt | 2013-07-23 10:05:41 -0400 (Tue, 23 Jul 2013) | 3 lines

1, only accepted saddle can be further relaxed;
2, try to keep x00 and xvec synchronized as much as possible;
3, fix bug in output info.
------------------------------------------------------------------------
r65 | xubinrun@gmail.com | 2013-07-23 06:30:00 -0400 (Tue, 23 Jul 2013) | 1 line

Tiny, some bugs created by last version were fixed
------------------------------------------------------------------------
r64 | xubinrun@gmail.com | 2013-07-23 06:02:02 -0400 (Tue, 23 Jul 2013) | 1 line

Fix a bug with lanczos(), now if not converged still return eigenvector
------------------------------------------------------------------------
r63 | konglt | 2013-07-23 05:55:11 -0400 (Tue, 23 Jul 2013) | 1 line

add reset_x00 with the hope to keep x00 synchronized with xvec.
------------------------------------------------------------------------
r62 | konglt | 2013-07-23 05:14:48 -0400 (Tue, 23 Jul 2013) | 1 line

try to store box before doing anything.
------------------------------------------------------------------------
r61 | konglt | 2013-07-22 04:21:19 -0400 (Mon, 22 Jul 2013) | 1 line

in find_saddle, the step size is not scaled now.
------------------------------------------------------------------------
r60 | xubinrun@gmail.com | 2013-07-22 03:08:42 -0400 (Mon, 22 Jul 2013) | 1 line

Update delpos[], now use egevec space
------------------------------------------------------------------------
r59 | xubinrun@gmail.com | 2013-07-19 23:17:56 -0400 (Fri, 19 Jul 2013) | 1 line

Tiny change: update read_control().
------------------------------------------------------------------------
r58 | konglt | 2013-07-17 03:27:34 -0400 (Wed, 17 Jul 2013) | 1 line

In statistics, a fater of 100 is left for the acceptance of minima.
------------------------------------------------------------------------
r57 | konglt | 2013-07-16 21:04:03 -0400 (Tue, 16 Jul 2013) | 1 line

reduce one more mpi_allreduce
------------------------------------------------------------------------
r56 | xubinrun@gmail.com | 2013-07-16 05:18:16 -0400 (Tue, 16 Jul 2013) | 1 line

Update read_control(), now if artn.ctrl file is not found system will use default values for artn.
------------------------------------------------------------------------
r55 | xubinrun@gmail.com | 2013-07-16 05:15:08 -0400 (Tue, 16 Jul 2013) | 1 line

Update read_control(), now if artn.ctrl file is found will use default values for artn.
------------------------------------------------------------------------
r54 | xubinrun@gmail.com | 2013-07-16 04:44:03 -0400 (Tue, 16 Jul 2013) | 4 lines

1. lanczos() now return iteration number;
2. nlanc is output;
3. delr & a1 bug is fixed;
4. some default values are changed.
------------------------------------------------------------------------
r53 | konglt | 2013-07-15 22:33:48 -0400 (Mon, 15 Jul 2013) | 1 line

write out step info after getting out the harmonic well.
------------------------------------------------------------------------
r52 | konglt | 2013-07-15 22:16:38 -0400 (Mon, 15 Jul 2013) | 1 line

Minor: mainly on format.
------------------------------------------------------------------------
r51 | xubinrun@gmail.com | 2013-07-15 21:42:54 -0400 (Mon, 15 Jul 2013) | 1 line

Update min_perp_fire(), now return iteration number which will be given to mperp & trial.
------------------------------------------------------------------------
r50 | xubinrun@gmail.com | 2013-07-15 05:27:07 -0400 (Mon, 15 Jul 2013) | 1 line

Three peratom vector hold htmp xsad is deleted. The energy_force in min_perp_fire() is put back in its original position, for I found it enlarged the time cost in my case. But I have not found the reason.
------------------------------------------------------------------------
r49 | konglt | 2013-07-15 03:07:18 -0400 (Mon, 15 Jul 2013) | 1 line

Minor: mainly on format.
------------------------------------------------------------------------
r48 | konglt | 2013-07-14 23:44:07 -0400 (Sun, 14 Jul 2013) | 1 line

Minor: output eigenval info in log.event.
------------------------------------------------------------------------
r47 | konglt | 2013-07-14 22:54:32 -0400 (Sun, 14 Jul 2013) | 2 lines

1, taking into account com drift when counting total displacment;
2, add energy tolerance for confirming same min during push_back.
------------------------------------------------------------------------
r46 | konglt | 2013-07-14 22:26:07 -0400 (Sun, 14 Jul 2013) | 1 line

Tiny: mainly on format; bookkeeping commit.
------------------------------------------------------------------------
r45 | xubinrun@gmail.com | 2013-07-14 22:17:45 -0400 (Sun, 14 Jul 2013) | 3 lines

Update push back. After push back, if energy diff > 0.1, reject.
Then calculate dr, if dr for an atom < atom_disp_thr, that atom dr is not counted. Now work well.

------------------------------------------------------------------------
r44 | konglt | 2013-07-14 05:35:28 -0400 (Sun, 14 Jul 2013) | 1 line

fix a bug with push_back
------------------------------------------------------------------------
r43 | xubinrun@gmail.com | 2013-07-14 05:17:10 -0400 (Sun, 14 Jul 2013) | 1 line

both push back and push away are improved.
------------------------------------------------------------------------
r42 | konglt | 2013-07-14 02:17:18 -0400 (Sun, 14 Jul 2013) | 1 line

Tiny: remove unused `ntimestep`.
------------------------------------------------------------------------
r41 | konglt | 2013-07-14 02:13:03 -0400 (Sun, 14 Jul 2013) | 1 line

Tiny: rename some variables, should not affect at all.
------------------------------------------------------------------------
r40 | konglt | 2013-07-14 01:50:13 -0400 (Sun, 14 Jul 2013) | 1 line

Minor: rename flag_check_sad as flag_push_back.
------------------------------------------------------------------------
r39 | konglt | 2013-07-13 22:35:32 -0400 (Sat, 13 Jul 2013) | 1 line

Minor: output total force for sad_converge
------------------------------------------------------------------------
r38 | konglt | 2013-07-13 22:17:35 -0400 (Sat, 13 Jul 2013) | 2 lines

1, enabled to futher relax the new found saddle;
2, count the total `saddle` arrived.
------------------------------------------------------------------------
r37 | konglt | 2013-07-13 09:36:37 -0400 (Sat, 13 Jul 2013) | 1 line

Tiny: enable reverse push in getting out the harmonic well.
------------------------------------------------------------------------
r36 | konglt | 2013-07-13 08:47:32 -0400 (Sat, 13 Jul 2013) | 1 line

Minor: output info when break.
------------------------------------------------------------------------
r35 | konglt | 2013-07-13 04:57:59 -0400 (Sat, 13 Jul 2013) | 1 line

Improve the code slightly, mainly on format.
------------------------------------------------------------------------
r34 | konglt | 2013-07-12 22:04:15 -0400 (Fri, 12 Jul 2013) | 1 line

Optimize the code slightly, reduce some energy-force evaluation.
------------------------------------------------------------------------
r33 | konglt | 2013-07-12 11:33:30 -0400 (Fri, 12 Jul 2013) | 3 lines

1, fixed bug with another MPI_Bcast;
2, fixed bug with MPI_Allreduce;
3, there is still problem with search based on Lanczos.
------------------------------------------------------------------------
r32 | konglt | 2013-07-12 06:00:57 -0400 (Fri, 12 Jul 2013) | 1 line

fix bug related to MPI_Bcast.
------------------------------------------------------------------------
r31 | konglt | 2013-07-12 03:33:19 -0400 (Fri, 12 Jul 2013) | 1 line

Minor: fix a bug with niter.
------------------------------------------------------------------------
r30 | konglt | 2013-07-12 01:28:35 -0400 (Fri, 12 Jul 2013) | 2 lines

1, redefine artn as min_style;
2, rename files to comply with lammps.
------------------------------------------------------------------------
r29 | xubinrun@gmail.com | 2013-07-11 21:33:21 -0400 (Thu, 11 Jul 2013) | 1 line

The force evaluation number is checked and added to the final status outpuf
------------------------------------------------------------------------
r28 | konglt | 2013-07-11 10:52:31 -0400 (Thu, 11 Jul 2013) | 1 line

Improved the log info.
------------------------------------------------------------------------
r27 | konglt | 2013-07-11 06:21:53 -0400 (Thu, 11 Jul 2013) | 4 lines

1, rename some variables;
2, enable to skip outputs;
3, enable low level log output;
4, improved the description of variables.
------------------------------------------------------------------------
r26 | konglt | 2013-07-11 04:15:30 -0400 (Thu, 11 Jul 2013) | 2 lines

Redesign the way to kick atoms; Jacobi is removed, as it 
gives wrong eigen vectors.
------------------------------------------------------------------------
r25 | konglt | 2013-07-11 01:24:17 -0400 (Thu, 11 Jul 2013) | 1 line

Remove Jacobi, as it gives non-orthogonal eigenvectors.
------------------------------------------------------------------------
r24 | konglt | 2013-07-10 21:04:32 -0400 (Wed, 10 Jul 2013) | 1 line

Add validity check for all control parameters.
------------------------------------------------------------------------
r23 | konglt | 2013-07-10 06:24:28 -0400 (Wed, 10 Jul 2013) | 1 line

Print to screen if possible.
------------------------------------------------------------------------
r22 | konglt | 2013-07-10 05:57:33 -0400 (Wed, 10 Jul 2013) | 1 line

remove some debug info.
------------------------------------------------------------------------
r21 | konglt | 2013-07-10 05:47:14 -0400 (Wed, 10 Jul 2013) | 2 lines

1, redesign the structure;
2, improve the format.
------------------------------------------------------------------------
r20 | xubinrun@gmail.com | 2013-07-09 20:38:12 -0400 (Tue, 09 Jul 2013) | 1 line

new version 7.10.2013
------------------------------------------------------------------------
r19 | xubinrun@gmail.com | 2013-05-27 22:02:45 -0400 (Mon, 27 May 2013) | 1 line

Update local_random_move.
------------------------------------------------------------------------
r18 | xubinrun@gmail.com | 2013-05-24 20:40:10 -0400 (Fri, 24 May 2013) | 1 line

Some comments is added.
------------------------------------------------------------------------
r17 | xubinrun@gmail.com | 2013-05-23 21:29:26 -0400 (Thu, 23 May 2013) | 1 line

New version with FIRE, and many bugs are fixed.
------------------------------------------------------------------------
r16 | xubinrun@gmail.com | 2012-12-24 03:25:23 -0500 (Mon, 24 Dec 2012) | 1 line

save in 2012.12.24
------------------------------------------------------------------------
r15 | xubinrun@gmail.com | 2012-12-11 03:56:48 -0500 (Tue, 11 Dec 2012) | 1 line

Update read config, "config" file needed to configure the artn
------------------------------------------------------------------------
r14 | xubinrun@gmail.com | 2012-12-11 02:27:32 -0500 (Tue, 11 Dec 2012) | 1 line

group_random_move method is added.
------------------------------------------------------------------------
r13 | xubinrun@gmail.com | 2012-10-23 21:19:34 -0400 (Tue, 23 Oct 2012) | 1 line

Successfully run with mpi.
------------------------------------------------------------------------
r12 | xubinrun@gmail.com | 2012-10-14 07:28:59 -0400 (Sun, 14 Oct 2012) | 1 line

new parameter added, some bugs were fixed.
------------------------------------------------------------------------
r11 | xubinrun@gmail.com | 2012-10-14 03:55:43 -0400 (Sun, 14 Oct 2012) | 1 line

A version which may run successfully with one proc used, but more test is necessary to make sure all the codes is right
------------------------------------------------------------------------
r10 | xubinrun@gmail.com | 2012-10-08 23:22:00 -0400 (Mon, 08 Oct 2012) | 1 line

wich dump
------------------------------------------------------------------------
r9 | konglt | 2012-10-08 21:59:30 -0400 (Mon, 08 Oct 2012) | 1 line

Add Install.sh into the repository.
------------------------------------------------------------------------
r8 | konglt@gmail.com | 2012-10-08 21:41:26 -0400 (Mon, 08 Oct 2012) | 1 line

Further polish on format.
------------------------------------------------------------------------
r7 | konglt | 2012-10-08 21:28:42 -0400 (Mon, 08 Oct 2012) | 1 line

Mainly on the format, to make it more readable.
------------------------------------------------------------------------
r6 | xubinrun@gmail.com | 2012-10-08 08:57:08 -0400 (Mon, 08 Oct 2012) | 1 line

compiled sucessfully
------------------------------------------------------------------------
r5 | xubinrun@gmail.com | 2012-09-19 02:51:06 -0400 (Wed, 19 Sep 2012) | 1 line

log
------------------------------------------------------------------------
r4 | xubinrun@gmail.com | 2012-09-07 04:36:21 -0400 (Fri, 07 Sep 2012) | 1 line

Update many functions
------------------------------------------------------------------------
r3 | xubinrun@gmail.com | 2012-09-05 22:53:59 -0400 (Wed, 05 Sep 2012) | 1 line

test upload
------------------------------------------------------------------------
r2 | xubinrun@gmail.com | 2012-09-05 21:38:15 -0400 (Wed, 05 Sep 2012) | 1 line

Initial version by Xubin.
------------------------------------------------------------------------
r1 | (no author) | 2012-09-05 21:30:15 -0400 (Wed, 05 Sep 2012) | 1 line

Initial directory structure.
------------------------------------------------------------------------
